This file contains any messages produced by compilers while
running configure, to aid debugging if configure makes a mistake.

It was created by SEAL configure 2.3.0, which was
generated by GNU Autoconf 2.69.  Invocation command line was

  $ ./configure CXX=clang++

## --------- ##
## Platform. ##
## --------- ##

hostname = chenge.local
uname -m = x86_64
uname -r = 19.3.0
uname -s = Darwin
uname -v = Darwin Kernel Version 19.3.0: Thu Jan  9 20:58:23 PST 2020; root:xnu-6153.81.5~1/RELEASE_X86_64

/usr/bin/uname -p = i386
/bin/uname -X     = unknown

/bin/arch              = unknown
/usr/bin/arch -k       = unknown
/usr/convex/getsysinfo = unknown
/usr/bin/hostinfo      = Mach kernel version:
	 Darwin Kernel Version 19.3.0: Thu Jan  9 20:58:23 PST 2020; root:xnu-6153.81.5~1/RELEASE_X86_64
Kernel configured for up to 8 processors.
4 processors are physically available.
8 processors are logically available.
Processor type: x86_64h (Intel x86-64h Haswell)
Processors active: 0 1 2 3 4 5 6 7
Primary memory available: 16.00 gigabytes
Default processor set: 523 tasks, 3481 threads, 8 processors
Load average: 1.01, Mach factor: 6.98
/bin/machine           = unknown
/usr/bin/oslevel       = unknown
/bin/universe          = unknown

PATH: /usr/local/bin
PATH: /usr/bin
PATH: /bin
PATH: /usr/sbin
PATH: /sbin
PATH: /Library/TeX/texbin
PATH: /usr/local/go/bin
PATH: /opt/X11/bin
PATH: /Library/Apple/usr/bin
PATH: /Library/Frameworks/Mono.framework/Versions/Current/Commands
PATH: /usr/local/mysql/bin/
PATH: /Users/chenge/Documents/flutter/bin/
PATH: /usr/local/mysql/bin/
PATH: /Users/chenge/Documents/flutter/bin/


## ----------- ##
## Core tests. ##
## ----------- ##

configure:2102: checking for C++ compiler version
configure:2111: clang++ --version >&5
Apple clang version 11.0.3 (clang-1103.0.32.59)
Target: x86_64-apple-darwin19.3.0
Thread model: posix
InstalledDir: /Applications/Xcode.app/Contents/Developer/Toolchains/XcodeDefault.xctoolchain/usr/bin
configure:2122: $? = 0
configure:2111: clang++ -v >&5
Apple clang version 11.0.3 (clang-1103.0.32.59)
Target: x86_64-apple-darwin19.3.0
Thread model: posix
InstalledDir: /Applications/Xcode.app/Contents/Developer/Toolchains/XcodeDefault.xctoolchain/usr/bin
configure:2122: $? = 0
configure:2111: clang++ -V >&5
clang: error: unsupported option '-V -Wno-objc-signed-char-bool-implicit-int-conversion'
clang: error: no input files
configure:2122: $? = 1
configure:2111: clang++ -qversion >&5
clang: error: unknown argument '-qversion'; did you mean '--version'?
clang: error: no input files
configure:2122: $? = 1
configure:2142: checking whether the C++ compiler works
configure:2164: clang++    conftest.cpp  >&5
configure:2168: $? = 0
configure:2216: result: yes
configure:2219: checking for C++ compiler default output file name
configure:2221: result: a.out
configure:2227: checking for suffix of executables
configure:2234: clang++ -o conftest    conftest.cpp  >&5
configure:2238: $? = 0
configure:2260: result: 
configure:2282: checking whether we are cross compiling
configure:2290: clang++ -o conftest    conftest.cpp  >&5
configure:2294: $? = 0
configure:2301: ./conftest
configure:2305: $? = 0
configure:2320: result: no
configure:2325: checking for suffix of object files
configure:2347: clang++ -c   conftest.cpp >&5
configure:2351: $? = 0
configure:2372: result: o
configure:2376: checking whether we are using the GNU C++ compiler
configure:2395: clang++ -c   conftest.cpp >&5
configure:2395: $? = 0
configure:2404: result: yes
configure:2413: checking whether clang++ accepts -g
configure:2433: clang++ -c -g  conftest.cpp >&5
configure:2433: $? = 0
configure:2474: result: yes
configure:2524: checking how to run the C++ preprocessor
configure:2551: clang++ -E  conftest.cpp
configure:2551: $? = 0
configure:2565: clang++ -E  conftest.cpp
conftest.cpp:9:10: fatal error: 'ac_nonexistent.h' file not found
#include <ac_nonexistent.h>
         ^~~~~~~~~~~~~~~~~~
1 error generated.
configure:2565: $? = 1
configure: failed program was:
| /* confdefs.h */
| #define PACKAGE_NAME "SEAL"
| #define PACKAGE_TARNAME "seal"
| #define PACKAGE_VERSION "2.3.0"
| #define PACKAGE_STRING "SEAL 2.3.0"
| #define PACKAGE_BUGREPORT ""
| #define PACKAGE_URL ""
| /* end confdefs.h.  */
| #include <ac_nonexistent.h>
configure:2590: result: clang++ -E
configure:2610: clang++ -E  conftest.cpp
configure:2610: $? = 0
configure:2624: clang++ -E  conftest.cpp
conftest.cpp:9:10: fatal error: 'ac_nonexistent.h' file not found
#include <ac_nonexistent.h>
         ^~~~~~~~~~~~~~~~~~
1 error generated.
configure:2624: $? = 1
configure: failed program was:
| /* confdefs.h */
| #define PACKAGE_NAME "SEAL"
| #define PACKAGE_TARNAME "seal"
| #define PACKAGE_VERSION "2.3.0"
| #define PACKAGE_STRING "SEAL 2.3.0"
| #define PACKAGE_BUGREPORT ""
| #define PACKAGE_URL ""
| /* end confdefs.h.  */
| #include <ac_nonexistent.h>
configure:2653: checking for grep that handles long lines and -e
configure:2711: result: /usr/bin/grep
configure:2716: checking for egrep
configure:2778: result: /usr/bin/grep -E
configure:2783: checking for ANSI C header files
configure:2803: clang++ -c -g -O0  conftest.cpp >&5
configure:2803: $? = 0
configure:2876: clang++ -o conftest -g -O0   conftest.cpp  >&5
configure:2876: $? = 0
configure:2876: ./conftest
configure:2876: $? = 0
configure:2887: result: yes
configure:2900: checking for sys/types.h
configure:2900: clang++ -c -g -O0  conftest.cpp >&5
configure:2900: $? = 0
configure:2900: result: yes
configure:2900: checking for sys/stat.h
configure:2900: clang++ -c -g -O0  conftest.cpp >&5
configure:2900: $? = 0
configure:2900: result: yes
configure:2900: checking for stdlib.h
configure:2900: clang++ -c -g -O0  conftest.cpp >&5
configure:2900: $? = 0
configure:2900: result: yes
configure:2900: checking for string.h
configure:2900: clang++ -c -g -O0  conftest.cpp >&5
configure:2900: $? = 0
configure:2900: result: yes
configure:2900: checking for memory.h
configure:2900: clang++ -c -g -O0  conftest.cpp >&5
configure:2900: $? = 0
configure:2900: result: yes
configure:2900: checking for strings.h
configure:2900: clang++ -c -g -O0  conftest.cpp >&5
configure:2900: $? = 0
configure:2900: result: yes
configure:2900: checking for inttypes.h
configure:2900: clang++ -c -g -O0  conftest.cpp >&5
configure:2900: $? = 0
configure:2900: result: yes
configure:2900: checking for stdint.h
configure:2900: clang++ -c -g -O0  conftest.cpp >&5
configure:2900: $? = 0
configure:2900: result: yes
configure:2900: checking for unistd.h
configure:2900: clang++ -c -g -O0  conftest.cpp >&5
configure:2900: $? = 0
configure:2900: result: yes
configure:2914: checking x86intrin.h usability
configure:2914: clang++ -c -g -O0  conftest.cpp >&5
configure:2914: $? = 0
configure:2914: result: yes
configure:2914: checking x86intrin.h presence
configure:2914: clang++ -E  conftest.cpp
configure:2914: $? = 0
configure:2914: result: yes
configure:2914: checking for x86intrin.h
configure:2914: result: yes
configure:2929: checking for __builtin_clzll
configure:2942: clang++ -c -g -O0  conftest.cpp >&5
conftest.cpp:25:1: warning: ignoring return value of function declared with const attribute [-Wunused-value]
__builtin_clzll(0)
^~~~~~~~~~~~~~~ ~
1 warning generated.
configure:2942: $? = 0
configure:2948: result: yes
configure:2957: checking for __int128
configure:2977: clang++ -o conftest -g -O0   conftest.cpp  >&5
configure:2977: $? = 0
configure:2977: ./conftest
configure:2977: $? = 0
configure:2986: result: yes
configure:2995: checking for _addcarry_u64
configure:3015: clang++ -o conftest -g -O0   conftest.cpp  >&5
configure:3015: $? = 0
configure:3015: ./conftest
configure:3015: $? = 0
configure:3024: result: yes
configure:3033: checking for _subborrow_u64
configure:3053: clang++ -o conftest -g -O0   conftest.cpp  >&5
configure:3053: $? = 0
configure:3053: ./conftest
configure:3053: $? = 0
configure:3062: result: yes
configure:3194: creating ./config.status

## ---------------------- ##
## Running config.status. ##
## ---------------------- ##

This file was extended by SEAL config.status 2.3.0, which was
generated by GNU Autoconf 2.69.  Invocation command line was

  CONFIG_FILES    = 
  CONFIG_HEADERS  = 
  CONFIG_LINKS    = 
  CONFIG_COMMANDS = 
  $ ./config.status 

on chenge.local

config.status:804: creating Makefile
config.status:804: creating config.h
config.status:974: config.h is unchanged

## ---------------- ##
## Cache variables. ##
## ---------------- ##

ac_cv_cxx_compiler_gnu=yes
ac_cv_env_CCC_set=
ac_cv_env_CCC_value=
ac_cv_env_CPPFLAGS_set=
ac_cv_env_CPPFLAGS_value=
ac_cv_env_CXXCPP_set=
ac_cv_env_CXXCPP_value=
ac_cv_env_CXXFLAGS_set=
ac_cv_env_CXXFLAGS_value=
ac_cv_env_CXX_set=set
ac_cv_env_CXX_value=clang++
ac_cv_env_LDFLAGS_set=
ac_cv_env_LDFLAGS_value=
ac_cv_env_LIBS_set=
ac_cv_env_LIBS_value=
ac_cv_env_build_alias_set=
ac_cv_env_build_alias_value=
ac_cv_env_host_alias_set=
ac_cv_env_host_alias_value=
ac_cv_env_target_alias_set=
ac_cv_env_target_alias_value=
ac_cv_header_inttypes_h=yes
ac_cv_header_memory_h=yes
ac_cv_header_stdc=yes
ac_cv_header_stdint_h=yes
ac_cv_header_stdlib_h=yes
ac_cv_header_string_h=yes
ac_cv_header_strings_h=yes
ac_cv_header_sys_stat_h=yes
ac_cv_header_sys_types_h=yes
ac_cv_header_unistd_h=yes
ac_cv_header_x86intrin_h=yes
ac_cv_objext=o
ac_cv_path_EGREP='/usr/bin/grep -E'
ac_cv_path_GREP=/usr/bin/grep
ac_cv_prog_CXXCPP='clang++ -E'
ac_cv_prog_cxx_g=yes

## ----------------- ##
## Output variables. ##
## ----------------- ##

CPPFLAGS=''
CXX='clang++'
CXXCPP='clang++ -E'
CXXFLAGS='-g -O2'
DEFS='-DHAVE_CONFIG_H'
ECHO_C='\c'
ECHO_N=''
ECHO_T=''
EGREP='/usr/bin/grep -E'
EXEEXT=''
GREP='/usr/bin/grep'
LDFLAGS=''
LIBOBJS=''
LIBS=''
LTLIBOBJS=''
OBJEXT='o'
PACKAGE_BUGREPORT=''
PACKAGE_NAME='SEAL'
PACKAGE_STRING='SEAL 2.3.0'
PACKAGE_TARNAME='seal'
PACKAGE_URL=''
PACKAGE_VERSION='2.3.0'
PATH_SEPARATOR=':'
SHELL='/bin/sh'
ac_ct_CXX=''
bindir='${exec_prefix}/bin'
build_alias=''
datadir='${datarootdir}'
datarootdir='${prefix}/share'
docdir='${datarootdir}/doc/${PACKAGE_TARNAME}'
dvidir='${docdir}'
exec_prefix='${prefix}'
host_alias=''
htmldir='${docdir}'
includedir='${prefix}/include'
infodir='${datarootdir}/info'
libdir='${exec_prefix}/lib'
libexecdir='${exec_prefix}/libexec'
localedir='${datarootdir}/locale'
localstatedir='${prefix}/var'
mandir='${datarootdir}/man'
oldincludedir='/usr/include'
pdfdir='${docdir}'
prefix='/usr/local'
program_transform_name='s,x,x,'
psdir='${docdir}'
runstatedir='${localstatedir}/run'
sbindir='${exec_prefix}/sbin'
sharedstatedir='${prefix}/com'
sysconfdir='${prefix}/etc'
target_alias=''

## ----------- ##
## confdefs.h. ##
## ----------- ##

/* confdefs.h */
#define PACKAGE_NAME "SEAL"
#define PACKAGE_TARNAME "seal"
#define PACKAGE_VERSION "2.3.0"
#define PACKAGE_STRING "SEAL 2.3.0"
#define PACKAGE_BUGREPORT ""
#define PACKAGE_URL ""
#define STDC_HEADERS 1
#define HAVE_SYS_TYPES_H 1
#define HAVE_SYS_STAT_H 1
#define HAVE_STDLIB_H 1
#define HAVE_STRING_H 1
#define HAVE_MEMORY_H 1
#define HAVE_STRINGS_H 1
#define HAVE_INTTYPES_H 1
#define HAVE_STDINT_H 1
#define HAVE_UNISTD_H 1
#define HAVE_X86INTRIN_H 1
#define SEAL_ENABLE_INTRIN 1
#define SEAL_ENABLE___BUILTIN_CLZLL 1
#define SEAL_ENABLE___INT128 1
#define SEAL_ENABLE__ADDCARRY_U64 1
#define SEAL_ENABLE__SUBBORROW_U64 1

configure: exit 0
